0 info it worked if it ends with ok
1 verbose cli [ 'C:\\Program Files\\nodejs\\node.exe',
1 verbose cli   'C:\\Program Files\\nodejs\\node_modules\\npm\\bin\\npm-cli.js',
1 verbose cli   'install' ]
2 info using npm@1.4.28
3 info using node@v0.10.36
4 verbose readDependencies using package.json deps
5 verbose install where, deps [ 'E:\\cloud_decrypt\\documents\\Code\\recipe-extender\\web',
5 verbose install   [ 'karma',
5 verbose install     'karma-chrome-launcher',
5 verbose install     'karma-jasmine',
5 verbose install     'protractor',
5 verbose install     'http-server',
5 verbose install     'tmp',
5 verbose install     'bower',
5 verbose install     'shelljs' ] ]
6 info preinstall recipe_extender@0.0.0
7 verbose readDependencies using package.json deps
8 verbose already installed skipping karma@^0.12.16 E:\cloud_decrypt\documents\Code\recipe-extender\web
9 verbose already installed skipping karma-chrome-launcher@^0.1.4 E:\cloud_decrypt\documents\Code\recipe-extender\web
10 verbose already installed skipping karma-jasmine@^0.1.5 E:\cloud_decrypt\documents\Code\recipe-extender\web
11 verbose already installed skipping protractor@^1.6.1 E:\cloud_decrypt\documents\Code\recipe-extender\web
12 verbose already installed skipping http-server@^0.7.4 E:\cloud_decrypt\documents\Code\recipe-extender\web
13 verbose already installed skipping tmp@0.0.24 E:\cloud_decrypt\documents\Code\recipe-extender\web
14 verbose already installed skipping bower@^1.3.2 E:\cloud_decrypt\documents\Code\recipe-extender\web
15 verbose already installed skipping shelljs@^0.3.0 E:\cloud_decrypt\documents\Code\recipe-extender\web
16 silly resolved []
17 info build E:\cloud_decrypt\documents\Code\recipe-extender\web
18 verbose linkStuff [ false,
18 verbose linkStuff   false,
18 verbose linkStuff   false,
18 verbose linkStuff   'E:\\cloud_decrypt\\documents\\Code\\recipe-extender' ]
19 info linkStuff recipe_extender@0.0.0
20 verbose linkBins recipe_extender@0.0.0
21 verbose linkMans recipe_extender@0.0.0
22 verbose rebuildBundles recipe_extender@0.0.0
23 verbose rebuildBundles [ '.bin',
23 verbose rebuildBundles   'bower',
23 verbose rebuildBundles   'http-server',
23 verbose rebuildBundles   'karma',
23 verbose rebuildBundles   'karma-chrome-launcher',
23 verbose rebuildBundles   'karma-jasmine',
23 verbose rebuildBundles   'protractor',
23 verbose rebuildBundles   'shelljs',
23 verbose rebuildBundles   'tmp' ]
24 info install recipe_extender@0.0.0
25 info postinstall recipe_extender@0.0.0
26 verbose unsafe-perm in lifecycle true
27 info recipe_extender@0.0.0 Failed to exec postinstall script
28 error recipe_extender@0.0.0 postinstall: `bower install`
28 error Exit status 1
29 error Failed at the recipe_extender@0.0.0 postinstall script.
29 error This is most likely a problem with the recipe_extender package,
29 error not with npm itself.
29 error Tell the author that this fails on your system:
29 error     bower install
29 error You can get their info via:
29 error     npm owner ls recipe_extender
29 error There is likely additional logging output above.
30 error System Windows_NT 6.1.7601
31 error command "C:\\Program Files\\nodejs\\node.exe" "C:\\Program Files\\nodejs\\node_modules\\npm\\bin\\npm-cli.js" "install"
32 error cwd E:\cloud_decrypt\documents\Code\recipe-extender\web
33 error node -v v0.10.36
34 error npm -v 1.4.28
35 error code ELIFECYCLE
36 verbose exit [ 1, true ]
